Using pre-set license
Built from '2021.3/staging' branch; Version is '2021.3.13f1 (9e7d58001ecf) revision 10386776'; Using compiler version '192829333'; Build Type 'Release'
OS: 'Windows 10  (10.0.19045) 64bit Core' Language: 'en' Physical Memory: 6024 MB
BatchMode: 1, IsHumanControllingUs: 0, StartBugReporterOnCrash: 0, Is64bit: 1, IsPro: 1

COMMAND LINE ARGUMENTS:
C:\Program Files\Unity\Hub\Editor\2021.3.13f1\Editor\Unity.exe
-adb2
-batchMode
-noUpm
-name
AssetImportWorker9
-projectPath
C:/Users/habib/OneDrive/Documents/GitHub/Captain_Hero/Capitanhero
-logFile
Logs/AssetImportWorker9.log
-srvPort
63788
Successfully changed project path to: C:/Users/habib/OneDrive/Documents/GitHub/Captain_Hero/Capitanhero
C:/Users/habib/OneDrive/Documents/GitHub/Captain_Hero/Capitanhero
[UnityMemory] Configuration Parameters - Can be set up in boot.config
    "memorysetup-bucket-allocator-granularity=16"
    "memorysetup-bucket-allocator-bucket-count=8"
    "memorysetup-bucket-allocator-block-size=33554432"
    "memorysetup-bucket-allocator-block-count=8"
    "memorysetup-main-allocator-block-size=16777216"
    "memorysetup-thread-allocator-block-size=16777216"
    "memorysetup-gfx-main-allocator-block-size=16777216"
    "memorysetup-gfx-thread-allocator-block-size=16777216"
    "memorysetup-cache-allocator-block-size=4194304"
    "memorysetup-typetree-allocator-block-size=2097152"
    "memorysetup-profiler-bucket-allocator-granularity=16"
    "memorysetup-profiler-bucket-allocator-bucket-count=8"
    "memorysetup-profiler-bucket-allocator-block-size=33554432"
    "memorysetup-profiler-bucket-allocator-block-count=8"
    "memorysetup-profiler-allocator-block-size=16777216"
    "memorysetup-profiler-editor-allocator-block-size=1048576"
    "memorysetup-temp-allocator-size-main=16777216"
    "memorysetup-job-temp-allocator-block-size=2097152"
    "memorysetup-job-temp-allocator-block-size-background=1048576"
    "memorysetup-job-temp-allocator-reduction-small-platforms=262144"
    "memorysetup-temp-allocator-size-background-worker=32768"
    "memorysetup-temp-allocator-size-job-worker=262144"
    "memorysetup-temp-allocator-size-preload-manager=33554432"
    "memorysetup-temp-allocator-size-nav-mesh-worker=65536"
    "memorysetup-temp-allocator-size-audio-worker=65536"
    "memorysetup-temp-allocator-size-cloud-worker=32768"
    "memorysetup-temp-allocator-size-gi-baking-worker=262144"
    "memorysetup-temp-allocator-size-gfx=262144"
Refreshing native plugins compatible for Editor in 205.72 ms, found 4 plugins.
Preloading 0 native plugins for Editor in 0.00 ms.
Initialize engine version: 2021.3.13f1 (9e7d58001ecf)
[Subsystems] Discovering subsystems at path C:/Program Files/Unity/Hub/Editor/2021.3.13f1/Editor/Data/Resources/UnitySubsystems
[Subsystems] Discovering subsystems at path C:/Users/habib/OneDrive/Documents/GitHub/Captain_Hero/Capitanhero/Assets
GfxDevice: creating device client; threaded=0; jobified=0
Direct3D:
    Version:  Direct3D 11.0 [level 11.0]
    Renderer: NVIDIA GeForce 930MX (ID=0x134e)
    Vendor:   NVIDIA
    VRAM:     2010 MB
    Driver:   27.21.14.5167
Initialize mono
Mono path[0] = 'C:/Program Files/Unity/Hub/Editor/2021.3.13f1/Editor/Data/Managed'
Mono path[1] = 'C:/Program Files/Unity/Hub/Editor/2021.3.13f1/Editor/Data/MonoBleedingEdge/lib/mono/unityjit-win32'
Mono config path = 'C:/Program Files/Unity/Hub/Editor/2021.3.13f1/Editor/Data/MonoBleedingEdge/etc'
Using monoOptions --debugger-agent=transport=dt_socket,embedding=1,server=y,suspend=n,address=127.0.0.1:56744
Begin MonoManager ReloadAssembly
Registering precompiled unity dll's ...
Register platform support module: C:/Program Files/Unity/Hub/Editor/2021.3.13f1/Editor/Data/PlaybackEngines/AndroidPlayer/UnityEditor.Android.Extensions.dll
Register platform support module: C:/Program Files/Unity/Hub/Editor/2021.3.13f1/Editor/Data/PlaybackEngines/WindowsStandaloneSupport/UnityEditor.WindowsStandalone.Extensions.dll
Registered in 0.010798 seconds.
Native extension for WindowsStandalone target not found
Native extension for Android target not found
Refreshing native plugins compatible for Editor in 132.41 ms, found 4 plugins.
Preloading 0 native plugins for Editor in 0.00 ms.
Mono: successfully reloaded assembly
- Completed reload, in  0.933 seconds
Domain Reload Profiling:
	ReloadAssembly (934ms)
		BeginReloadAssembly (96ms)
			ExecutionOrderSort (0ms)
			DisableScriptedObjects (0ms)
			BackupInstance (0ms)
			ReleaseScriptingObjects (0ms)
			CreateAndSetChildDomain (1ms)
		EndReloadAssembly (688ms)
			LoadAssemblies (94ms)
			RebuildTransferFunctionScriptingTraits (0ms)
			SetupTypeCache (152ms)
			ReleaseScriptCaches (0ms)
			RebuildScriptCaches (40ms)
			SetupLoadedEditorAssemblies (425ms)
				LogAssemblyErrors (0ms)
				InitializePlatformSupportModulesInManaged (88ms)
				SetLoadedEditorAssemblies (3ms)
				RefreshPlugins (133ms)
				BeforeProcessingInitializeOnLoad (2ms)
				ProcessInitializeOnLoadAttributes (142ms)
				ProcessInitializeOnLoadMethodAttributes (58ms)
				AfterProcessingInitializeOnLoad (0ms)
				EditorAssembliesLoaded (0ms)
			ExecutionOrderSort2 (0ms)
			AwakeInstancesAfterBackupRestoration (0ms)
Platform modules already initialized, skipping
Registering precompiled user dll's ...
Registered in 0.011856 seconds.
Android Extension - Scanning For ADB Devices 5020 ms
Begin MonoManager ReloadAssembly
Symbol file LoadedFromMemory doesn't match image C:\Users\habib\OneDrive\Documents\GitHub\Captain_Hero\Capitanhero\Library\PackageCache\com.unity.visualscripting@1.7.8\Editor\VisualScripting.Core\Dependencies\YamlDotNet\Unity.VisualScripting.YamlDotNet.dll
Symbol file LoadedFromMemory doesn't match image C:\Users\habib\OneDrive\Documents\GitHub\Captain_Hero\Capitanhero\Library\PackageCache\com.unity.visualscripting@1.7.8\Editor\VisualScripting.Core\Dependencies\DotNetZip\Unity.VisualScripting.IonicZip.dll
Native extension for WindowsStandalone target not found
Native extension for Android target not found
Refreshing native plugins compatible for Editor in 117.97 ms, found 4 plugins.
Preloading 0 native plugins for Editor in 0.00 ms.
Mono: successfully reloaded assembly
- Completed reload, in  4.451 seconds
Domain Reload Profiling:
	ReloadAssembly (4452ms)
		BeginReloadAssembly (157ms)
			ExecutionOrderSort (0ms)
			DisableScriptedObjects (8ms)
			BackupInstance (0ms)
			ReleaseScriptingObjects (0ms)
			CreateAndSetChildDomain (27ms)
		EndReloadAssembly (3817ms)
			LoadAssemblies (2050ms)
			RebuildTransferFunctionScriptingTraits (0ms)
			SetupTypeCache (733ms)
			ReleaseScriptCaches (1ms)
			RebuildScriptCaches (73ms)
			SetupLoadedEditorAssemblies (890ms)
				LogAssemblyErrors (0ms)
				InitializePlatformSupportModulesInManaged (19ms)
				SetLoadedEditorAssemblies (0ms)
				RefreshPlugins (118ms)
				BeforeProcessingInitializeOnLoad (135ms)
				ProcessInitializeOnLoadAttributes (460ms)
				ProcessInitializeOnLoadMethodAttributes (147ms)
				AfterProcessingInitializeOnLoad (10ms)
				EditorAssembliesLoaded (0ms)
			ExecutionOrderSort2 (0ms)
			AwakeInstancesAfterBackupRestoration (10ms)
Platform modules already initialized, skipping
========================================================================
Worker process is ready to serve import requests
Launched and connected shader compiler UnityShaderCompiler.exe after 0.31 seconds
Refreshing native plugins compatible for Editor in 0.89 ms, found 4 plugins.
Preloading 0 native plugins for Editor in 0.00 ms.
Unloading 4042 Unused Serialized files (Serialized files now loaded: 0)
Unloading 44 unused Assets / (229.4 KB). Loaded Objects now: 4495.
Memory consumption went from 150.7 MB to 150.5 MB.
Total: 4.909500 ms (FindLiveObjects: 0.385000 ms CreateObjectMapping: 0.345100 ms MarkObjects: 3.997000 ms  DeleteObjects: 0.181100 ms)

AssetImportParameters requested are different than current active one (requested -> active):
  custom:video-decoder-ogg-theora: a1e56fd34408186e4bbccfd4996cb3dc -> 
  custom:container-muxer-webm: aa71ff27fc2769a1b78a27578f13a17b -> 
  custom:container-demuxer-webm: 4f35f7cbe854078d1ac9338744f61a02 -> 
  custom:video-encoder-webm-vp8: eb34c28f22e8b96e1ab97ce403110664 -> 
  custom:audio-encoder-webm-vorbis: bf7c407c2cedff20999df2af8eb42d56 -> 
  custom:framework-win-MediaFoundation: 216162199b28c13a410421893ffa2e32 -> 
  custom:container-demuxer-ogg: 62fdf1f143b41e24485cea50d1cbac27 -> 
  custom:video-decoder-webm-vp8: 9c59270c3fd7afecdb556c50c9e8de78 -> 
  custom:audio-decoder-ogg-vorbis: bf7c407c2cedff20999df2af8eb42d56 -> 
========================================================================
Received Import Request.
  Time since last request: 269524.990619 seconds.
  path: Assets/Scenes
  artifactKey: Guid(131a6b21c8605f84396be9f6751fb6e3) Importer(815301076,1909f56bfc062723c751e8b465ee728b)
Start importing Assets/Scenes using Guid(131a6b21c8605f84396be9f6751fb6e3) Importer(815301076,1909f56bfc062723c751e8b465ee728b)  -> (artifact id: '2c23e514d24f6b65fe96946cd87fc526') in 0.015209 seconds 
========================================================================
Received Import Request.
  Time since last request: 0.002005 seconds.
  path: Assets/Scenes/Game.unity
  artifactKey: Guid(ff9b8b4ded4f8ce49bc9f00d83607a07) Importer(815301076,1909f56bfc062723c751e8b465ee728b)
Start importing Assets/Scenes/Game.unity using Guid(ff9b8b4ded4f8ce49bc9f00d83607a07) Importer(815301076,1909f56bfc062723c751e8b465ee728b)  -> (artifact id: 'e9d693ef8f10edd901f568f74fbe93f4') in 0.021317 seconds 
========================================================================
Received Import Request.
  Time since last request: 0.000046 seconds.
  path: Assets/Scripts
  artifactKey: Guid(0c5d6da9322aa36418d715c68737ba95) Importer(815301076,1909f56bfc062723c751e8b465ee728b)
Start importing Assets/Scripts using Guid(0c5d6da9322aa36418d715c68737ba95) Importer(815301076,1909f56bfc062723c751e8b465ee728b)  -> (artifact id: 'a5634b9766c071aec66829f77e5903ca') in 0.011168 seconds 
========================================================================
Received Import Request.
  Time since last request: 0.000209 seconds.
  path: Assets/Scripts/BackGround_Movement.cs
  artifactKey: Guid(60bdc8038d9f4a3498cadb9f2141b636) Importer(815301076,1909f56bfc062723c751e8b465ee728b)
Start importing Assets/Scripts/BackGround_Movement.cs using Guid(60bdc8038d9f4a3498cadb9f2141b636) Importer(815301076,1909f56bfc062723c751e8b465ee728b)  -> (artifact id: 'eff469ed15b6df3200bdfd417438a8bc') in 0.271888 seconds 
========================================================================
Received Prepare
Registering precompiled user dll's ...
Registered in 0.010981 seconds.
Begin MonoManager ReloadAssembly
Symbol file LoadedFromMemory doesn't match image C:\Users\habib\OneDrive\Documents\GitHub\Captain_Hero\Capitanhero\Library\PackageCache\com.unity.visualscripting@1.7.8\Editor\VisualScripting.Core\Dependencies\YamlDotNet\Unity.VisualScripting.YamlDotNet.dll
Symbol file LoadedFromMemory doesn't match image C:\Users\habib\OneDrive\Documents\GitHub\Captain_Hero\Capitanhero\Library\PackageCache\com.unity.visualscripting@1.7.8\Editor\VisualScripting.Core\Dependencies\DotNetZip\Unity.VisualScripting.IonicZip.dll
Native extension for WindowsStandalone target not found
Native extension for Android target not found
Refreshing native plugins compatible for Editor in 2.72 ms, found 4 plugins.
Preloading 0 native plugins for Editor in 0.00 ms.
Mono: successfully reloaded assembly
- Completed reload, in  2.285 seconds
Domain Reload Profiling:
	ReloadAssembly (2285ms)
		BeginReloadAssembly (467ms)
			ExecutionOrderSort (0ms)
			DisableScriptedObjects (9ms)
			BackupInstance (0ms)
			ReleaseScriptingObjects (0ms)
			CreateAndSetChildDomain (211ms)
		EndReloadAssembly (1636ms)
			LoadAssemblies (142ms)
			RebuildTransferFunctionScriptingTraits (0ms)
			SetupTypeCache (721ms)
			ReleaseScriptCaches (2ms)
			RebuildScriptCaches (57ms)
			SetupLoadedEditorAssemblies (680ms)
				LogAssemblyErrors (0ms)
				InitializePlatformSupportModulesInManaged (175ms)
				SetLoadedEditorAssemblies (2ms)
				RefreshPlugins (3ms)
				BeforeProcessingInitializeOnLoad (118ms)
				ProcessInitializeOnLoadAttributes (317ms)
				ProcessInitializeOnLoadMethodAttributes (53ms)
				AfterProcessingInitializeOnLoad (11ms)
				EditorAssembliesLoaded (0ms)
			ExecutionOrderSort2 (0ms)
			AwakeInstancesAfterBackupRestoration (11ms)
Platform modules already initialized, skipping
Refreshing native plugins compatible for Editor in 3.75 ms, found 4 plugins.
Preloading 0 native plugins for Editor in 0.00 ms.
Unloading 4037 Unused Serialized files (Serialized files now loaded: 0)
Unloading 31 unused Assets / (196.0 KB). Loaded Objects now: 4498.
Memory consumption went from 150.7 MB to 150.5 MB.
Total: 193.159900 ms (FindLiveObjects: 0.340200 ms CreateObjectMapping: 0.361800 ms MarkObjects: 191.801000 ms  DeleteObjects: 0.654300 ms)

AssetImportParameters requested are different than current active one (requested -> active):
  custom:video-decoder-ogg-theora: a1e56fd34408186e4bbccfd4996cb3dc -> 
  custom:container-muxer-webm: aa71ff27fc2769a1b78a27578f13a17b -> 
  custom:container-demuxer-webm: 4f35f7cbe854078d1ac9338744f61a02 -> 
  custom:video-encoder-webm-vp8: eb34c28f22e8b96e1ab97ce403110664 -> 
  custom:audio-encoder-webm-vorbis: bf7c407c2cedff20999df2af8eb42d56 -> 
  custom:framework-win-MediaFoundation: 216162199b28c13a410421893ffa2e32 -> 
  custom:container-demuxer-ogg: 62fdf1f143b41e24485cea50d1cbac27 -> 
  custom:video-decoder-webm-vp8: 9c59270c3fd7afecdb556c50c9e8de78 -> 
  custom:audio-decoder-ogg-vorbis: bf7c407c2cedff20999df2af8eb42d56 -> 
========================================================================
Received Import Request.
  Time since last request: 2842.781766 seconds.
  path: Assets/Prefabs
  artifactKey: Guid(a2ffdb4f27e8cf8448afdd3b3e34235b) Importer(815301076,1909f56bfc062723c751e8b465ee728b)
Start importing Assets/Prefabs using Guid(a2ffdb4f27e8cf8448afdd3b3e34235b) Importer(815301076,1909f56bfc062723c751e8b465ee728b)  -> (artifact id: '5c6f6b0c3fe3710c6d2b1dd122fbec19') in 0.123141 seconds 
========================================================================
Received Import Request.
  Time since last request: 0.106768 seconds.
  path: Assets/Prefabs/0.prefab
  artifactKey: Guid(f045c7bd18a29084da54c386cca75c25) Importer(815301076,1909f56bfc062723c751e8b465ee728b)
Start importing Assets/Prefabs/0.prefab using Guid(f045c7bd18a29084da54c386cca75c25) Importer(815301076,1909f56bfc062723c751e8b465ee728b)  -> (artifact id: 'bfea8ae68ce68cd5255ba398e4c30dc2') in 0.793133 seconds 
========================================================================
Received Import Request.
  Time since last request: 0.000052 seconds.
  path: Assets/Prefabs/heart.prefab
  artifactKey: Guid(4f6a62bd95430ac4abffa693612017d4) Importer(815301076,1909f56bfc062723c751e8b465ee728b)
Start importing Assets/Prefabs/heart.prefab using Guid(4f6a62bd95430ac4abffa693612017d4) Importer(815301076,1909f56bfc062723c751e8b465ee728b)  -> (artifact id: '2c84aa09314b2c7e8719d33584878504') in 0.179499 seconds 
========================================================================
Received Import Request.
  Time since last request: 0.000046 seconds.
  path: Assets/Prefabs/4.prefab
  artifactKey: Guid(87ad8ba0784173045a08369aceae8b6c) Importer(815301076,1909f56bfc062723c751e8b465ee728b)
Start importing Assets/Prefabs/4.prefab using Guid(87ad8ba0784173045a08369aceae8b6c) Importer(815301076,1909f56bfc062723c751e8b465ee728b)  -> (artifact id: '1a8dc1ef93d289b158326f797107acd1') in 0.083050 seconds 
========================================================================
Received Import Request.
  Time since last request: 0.000193 seconds.
  path: Assets/Prefabs/5.prefab
  artifactKey: Guid(34be513cea757e54aae74150d5ab9b67) Importer(815301076,1909f56bfc062723c751e8b465ee728b)
Start importing Assets/Prefabs/5.prefab using Guid(34be513cea757e54aae74150d5ab9b67) Importer(815301076,1909f56bfc062723c751e8b465ee728b)  -> (artifact id: '626278383ffecd3c67c735fe667cbbae') in 0.339090 seconds 
========================================================================
Received Import Request.
  Time since last request: 0.000046 seconds.
  path: Assets/Prefabs/PlayerBullet.prefab
  artifactKey: Guid(601e3cc58f9b12c45876b7889a015852) Importer(815301076,1909f56bfc062723c751e8b465ee728b)
Start importing Assets/Prefabs/PlayerBullet.prefab using Guid(601e3cc58f9b12c45876b7889a015852) Importer(815301076,1909f56bfc062723c751e8b465ee728b)  -> (artifact id: '4c3164e04d85cd1b8a1f008b9d28594e') in 0.173088 seconds 
========================================================================
Received Import Request.
  Time since last request: 0.000035 seconds.
  path: Assets/Prefabs/EnemyBullet.prefab
  artifactKey: Guid(e0fce84066e64a848be6b0da584ee2fb) Importer(815301076,1909f56bfc062723c751e8b465ee728b)
Start importing Assets/Prefabs/EnemyBullet.prefab using Guid(e0fce84066e64a848be6b0da584ee2fb) Importer(815301076,1909f56bfc062723c751e8b465ee728b)  -> (artifact id: '766356d532ed78b39f85f3c2cdc75741') in 0.181938 seconds 
========================================================================
Received Import Request.
  Time since last request: 0.000033 seconds.
  path: Assets/Prefabs/EXP.prefab
  artifactKey: Guid(65cb88ed07108c54fb43e16dcc3b5084) Importer(815301076,1909f56bfc062723c751e8b465ee728b)
Start importing Assets/Prefabs/EXP.prefab using Guid(65cb88ed07108c54fb43e16dcc3b5084) Importer(815301076,1909f56bfc062723c751e8b465ee728b)  -> (artifact id: '24341f75e58ac31399c81695b216263f') in 0.305998 seconds 
========================================================================
Received Import Request.
  Time since last request: 0.000045 seconds.
  path: Assets/Prefabs/EnemyRocket.prefab
  artifactKey: Guid(988dafc6839d03a48971c9583623647e) Importer(815301076,1909f56bfc062723c751e8b465ee728b)
Start importing Assets/Prefabs/EnemyRocket.prefab using Guid(988dafc6839d03a48971c9583623647e) Importer(815301076,1909f56bfc062723c751e8b465ee728b)  -> (artifact id: 'eb16603bf4cd07fbb22b4e4e10adf9a9') in 0.097022 seconds 
========================================================================
Received Import Request.
  Time since last request: 0.000040 seconds.
  path: Assets/Prefabs/obstacle.prefab
  artifactKey: Guid(33ea2c9fd3d13eb4a9872f564c32ec2e) Importer(815301076,1909f56bfc062723c751e8b465ee728b)
Start importing Assets/Prefabs/obstacle.prefab using Guid(33ea2c9fd3d13eb4a9872f564c32ec2e) Importer(815301076,1909f56bfc062723c751e8b465ee728b)  -> (artifact id: '8efe3f8673284980278015db7b3ad706') in 0.121133 seconds 
========================================================================
Received Import Request.
  Time since last request: 0.000184 seconds.
  path: Assets/Prefabs/3.prefab
  artifactKey: Guid(1ba53ccd1e1034546b84ce2814d4d28b) Importer(815301076,1909f56bfc062723c751e8b465ee728b)
Start importing Assets/Prefabs/3.prefab using Guid(1ba53ccd1e1034546b84ce2814d4d28b) Importer(815301076,1909f56bfc062723c751e8b465ee728b)  -> (artifact id: '6101a62bb94d19901d52f3f765d77bed') in 0.084075 seconds 
========================================================================
Received Import Request.
  Time since last request: 0.000095 seconds.
  path: Assets/Prefabs/2.prefab
  artifactKey: Guid(9a32afb524e6066479370bf7bb92df25) Importer(815301076,1909f56bfc062723c751e8b465ee728b)
Start importing Assets/Prefabs/2.prefab using Guid(9a32afb524e6066479370bf7bb92df25) Importer(815301076,1909f56bfc062723c751e8b465ee728b)  -> (artifact id: 'f656c1293f86b000ac3f44630ec83678') in 0.107658 seconds 
========================================================================
Received Import Request.
  Time since last request: 0.000094 seconds.
  path: Assets/Prefabs/1.prefab
  artifactKey: Guid(493c2813e77a4d54b823166fffbfc474) Importer(815301076,1909f56bfc062723c751e8b465ee728b)
Start importing Assets/Prefabs/1.prefab using Guid(493c2813e77a4d54b823166fffbfc474) Importer(815301076,1909f56bfc062723c751e8b465ee728b)  -> (artifact id: '65a038beadf22a7acb77e28da8771ae5') in 0.262793 seconds 
========================================================================
Received Import Request.
  Time since last request: 1.876238 seconds.
  path: Assets/Sprites
  artifactKey: Guid(9c1daa067e9cad846bc38497b94784ec) Importer(815301076,1909f56bfc062723c751e8b465ee728b)
Start importing Assets/Sprites using Guid(9c1daa067e9cad846bc38497b94784ec) Importer(815301076,1909f56bfc062723c751e8b465ee728b)  -> (artifact id: '5a8d614f248d843291641a2a7de0be6b') in 0.012421 seconds 
========================================================================
Received Import Request.
  Time since last request: 0.000034 seconds.
  path: Assets/Sprites/bullet_long_single 1.png
  artifactKey: Guid(4eadc0c5c5a0df740b38d9dcd28ba6a1) Importer(815301076,1909f56bfc062723c751e8b465ee728b)
Start importing Assets/Sprites/bullet_long_single 1.png using Guid(4eadc0c5c5a0df740b38d9dcd28ba6a1) Importer(815301076,1909f56bfc062723c751e8b465ee728b)  -> (artifact id: '58020df40c3445373feaac438172f3e3') in 3.203837 seconds 
========================================================================
Received Import Request.
  Time since last request: 0.000034 seconds.
  path: Assets/Sprites/bullet_long_single.png
  artifactKey: Guid(a40e8ef9eb2aae04d8ba6a487d9a7456) Importer(815301076,1909f56bfc062723c751e8b465ee728b)
Start importing Assets/Sprites/bullet_long_single.png using Guid(a40e8ef9eb2aae04d8ba6a487d9a7456) Importer(815301076,1909f56bfc062723c751e8b465ee728b)  -> (artifact id: '29c830c915c20070ddcb52d3aa7dd69e') in 0.045313 seconds 
========================================================================
Received Import Request.
  Time since last request: 0.000039 seconds.
  path: Assets/Sprites/explosion.png
  artifactKey: Guid(8e19234c8ae267e4aa206f2d64a1b0be) Importer(815301076,1909f56bfc062723c751e8b465ee728b)
Start importing Assets/Sprites/explosion.png using Guid(8e19234c8ae267e4aa206f2d64a1b0be) Importer(815301076,1909f56bfc062723c751e8b465ee728b)  -> (artifact id: 'fb4716fae69d3fab595990d8a79c6fca') in 0.237782 seconds 
========================================================================
Received Import Request.
  Time since last request: 0.000026 seconds.
  path: Assets/Sprites/rocket_dsx_single.png
  artifactKey: Guid(1326a09b9a917574a86dfedb4107363a) Importer(815301076,1909f56bfc062723c751e8b465ee728b)
Start importing Assets/Sprites/rocket_dsx_single.png using Guid(1326a09b9a917574a86dfedb4107363a) Importer(815301076,1909f56bfc062723c751e8b465ee728b)  -> (artifact id: 'b9f39fb0ad71dbcf3d990184c602d70e') in 0.071551 seconds 
========================================================================
Received Import Request.
  Time since last request: 0.000045 seconds.
  path: Assets/Sprites/Screenshot 2022-12-24 013925.png
  artifactKey: Guid(98c96c647135db84c8f4d0c80e429637) Importer(815301076,1909f56bfc062723c751e8b465ee728b)
Start importing Assets/Sprites/Screenshot 2022-12-24 013925.png using Guid(98c96c647135db84c8f4d0c80e429637) Importer(815301076,1909f56bfc062723c751e8b465ee728b)  -> (artifact id: '148f6d153d0a2b2c3215f1d7d9d6d3c3') in 0.203220 seconds 
========================================================================
Received Import Request.
  Time since last request: 0.000036 seconds.
  path: Assets/Sprites/heart.png
  artifactKey: Guid(e344dd81c45577e40b0fca0647a59579) Importer(815301076,1909f56bfc062723c751e8b465ee728b)
Start importing Assets/Sprites/heart.png using Guid(e344dd81c45577e40b0fca0647a59579) Importer(815301076,1909f56bfc062723c751e8b465ee728b)  -> (artifact id: 'c343344cce3f97a3c16dbd869e861805') in 0.163313 seconds 
